<?xml version="1.0" encoding="UTF-8"?>
<testsuite xmlns:xsi="http://www.w3.org/2001/XMLSchema-instance" xsi:noNamespaceSchemaLocation="https://maven.apache.org/surefire/maven-surefire-plugin/xsd/surefire-test-report.xsd" name="com.latitude.genoapay.codingchallenge.CodingChallengeApplicationTests" time="8.9" tests="4" errors="0" skipped="0" failures="0">
  <properties>
[...]
</properties>
  <testcase name="testLateTopPrice" classname="com.latitude.genoapay.codingchallenge.CodingChallengeApplicationTests" time="1.108"/>
  <testcase name="testSimplePriceLift" classname="com.latitude.genoapay.codingchallenge.CodingChallengeApplicationTests" time="0.031"/>
  <testcase name="testUpsAndDowns" classname="com.latitude.genoapay.codingchallenge.CodingChallengeApplicationTests" time="0"/>
  <testcase name="contextLoads" classname="com.latitude.genoapay.codingchallenge.CodingChallengeApplicationTests" time="0.025"/>
</testsuite>